<?xml version="1.0" encoding="UTF-8"?>
<testsuite name="MusicAccountRetrieverTest" tests="1" skipped="0" failures="0" errors="0" timestamp="2024-11-10T23:23:53" hostname="santi-Latitude-3520" time="0.012">
  <properties/>
  <testcase name="retrieveAccounts_retrievingResults_correctResults()" classname="MusicAccountRetrieverTest" time="0.012"/>
  <system-out><![CDATA[]]></system-out>
  <system-err><![CDATA[]]></system-err>
</testsuite>
